

================================================================
== Vitis HLS Report for 'myIPAdder'
================================================================
* Date:           Sun Feb  6 02:26:34 2022

* Version:        2020.2.2 (Build 3118627 on Tue Feb  9 05:14:06 MST 2021)
* Project:        proj_axi_lite
* Solution:       solution1 (Vivado IP Flow Target)
* Product family: artix7
* Target device:  xc7a35ti-csg324-1L


================================================================
== Performance Estimates
================================================================
+ Timing: 
    * Summary: 
    +--------+----------+----------+------------+
    |  Clock |  Target  | Estimated| Uncertainty|
    +--------+----------+----------+------------+
    |ap_clk  |  10.00 ns|  4.702 ns|     2.70 ns|
    +--------+----------+----------+------------+

+ Latency: 
    * Summary: 
    +---------+---------+----------+----------+-----+-----+---------+
    |  Latency (cycles) |  Latency (absolute) |  Interval | Pipeline|
    |   min   |   max   |    min   |    max   | min | max |   Type  |
    +---------+---------+----------+----------+-----+-----+---------+
    |        0|        0|      0 ns|      0 ns|    1|    1|     none|
    +---------+---------+----------+----------+-----+-----+---------+

    + Detail: 
        * Instance: 
        N/A

        * Loop: 
        N/A



================================================================
== Utilization Estimates
================================================================
* Summary: 
+-----------------+---------+----+-------+-------+-----+
|       Name      | BRAM_18K| DSP|   FF  |  LUT  | URAM|
+-----------------+---------+----+-------+-------+-----+
|DSP              |        -|   -|      -|      -|    -|
|Expression       |        -|   -|      0|     39|    -|
|FIFO             |        -|   -|      -|      -|    -|
|Instance         |        0|   -|    150|    232|    -|
|Memory           |        -|   -|      -|      -|    -|
|Multiplexer      |        -|   -|      -|      -|    -|
|Register         |        -|   -|      -|      -|    -|
+-----------------+---------+----+-------+-------+-----+
|Total            |        0|   0|    150|    271|    0|
+-----------------+---------+----+-------+-------+-----+
|Available        |      100|  90|  41600|  20800|    0|
+-----------------+---------+----+-------+-------+-----+
|Utilization (%)  |        0|   0|     ~0|      1|    0|
+-----------------+---------+----+-------+-------+-----+

+ Detail: 
    * Instance: 
    +---------------+-------------+---------+----+-----+-----+-----+
    |    Instance   |    Module   | BRAM_18K| DSP|  FF | LUT | URAM|
    +---------------+-------------+---------+----+-----+-----+-----+
    |BUS_A_s_axi_U  |BUS_A_s_axi  |        0|   0|  150|  232|    0|
    +---------------+-------------+---------+----+-----+-----+-----+
    |Total          |             |        0|   0|  150|  232|    0|
    +---------------+-------------+---------+----+-----+-----+-----+

    * DSP: 
    N/A

    * Memory: 
    N/A

    * FIFO: 
    N/A

    * Expression: 
    +--------------+----------+----+---+----+------------+------------+
    | Variable Name| Operation| DSP| FF| LUT| Bitwidth P0| Bitwidth P1|
    +--------------+----------+----+---+----+------------+------------+
    |sum           |         +|   0|  0|  39|          32|          32|
    +--------------+----------+----+---+----+------------+------------+
    |Total         |          |   0|  0|  39|          32|          32|
    +--------------+----------+----+---+----+------------+------------+

    * Multiplexer: 
    N/A

    * Register: 
    N/A



================================================================
== Interface
================================================================
* Summary: 
+---------------------+-----+-----+------------+--------------+--------------+
|      RTL Ports      | Dir | Bits|  Protocol  | Source Object|    C Type    |
+---------------------+-----+-----+------------+--------------+--------------+
|s_axi_BUS_A_AWVALID  |   in|    1|       s_axi|         BUS_A|       pointer|
|s_axi_BUS_A_AWREADY  |  out|    1|       s_axi|         BUS_A|       pointer|
|s_axi_BUS_A_AWADDR   |   in|    6|       s_axi|         BUS_A|       pointer|
|s_axi_BUS_A_WVALID   |   in|    1|       s_axi|         BUS_A|       pointer|
|s_axi_BUS_A_WREADY   |  out|    1|       s_axi|         BUS_A|       pointer|
|s_axi_BUS_A_WDATA    |   in|   32|       s_axi|         BUS_A|       pointer|
|s_axi_BUS_A_WSTRB    |   in|    4|       s_axi|         BUS_A|       pointer|
|s_axi_BUS_A_ARVALID  |   in|    1|       s_axi|         BUS_A|       pointer|
|s_axi_BUS_A_ARREADY  |  out|    1|       s_axi|         BUS_A|       pointer|
|s_axi_BUS_A_ARADDR   |   in|    6|       s_axi|         BUS_A|       pointer|
|s_axi_BUS_A_RVALID   |  out|    1|       s_axi|         BUS_A|       pointer|
|s_axi_BUS_A_RREADY   |   in|    1|       s_axi|         BUS_A|       pointer|
|s_axi_BUS_A_RDATA    |  out|   32|       s_axi|         BUS_A|       pointer|
|s_axi_BUS_A_RRESP    |  out|    2|       s_axi|         BUS_A|       pointer|
|s_axi_BUS_A_BVALID   |  out|    1|       s_axi|         BUS_A|       pointer|
|s_axi_BUS_A_BREADY   |   in|    1|       s_axi|         BUS_A|       pointer|
|s_axi_BUS_A_BRESP    |  out|    2|       s_axi|         BUS_A|       pointer|
|ap_clk               |   in|    1|  ap_ctrl_hs|     myIPAdder|  return value|
|ap_rst_n             |   in|    1|  ap_ctrl_hs|     myIPAdder|  return value|
|interrupt            |  out|    1|  ap_ctrl_hs|     myIPAdder|  return value|
+---------------------+-----+-----+------------+--------------+--------------+

